<?xml version="1.0" encoding="UTF-8"?>
<!-- Generated by org.testng.reporters.JUnitReportReporter -->
<testsuite hostname="DivyaJyothi" failures="0" tests="1" name="Demo.vTiger" time="4.276" errors="0" timestamp="2024-12-25T11:28:30 IST" skipped="0">
  <testcase classname="Demo.vTiger" name="method" time="4.276"/>
  <system-out/>
</testsuite> <!-- Demo.vTiger -->
