<?xml version="1.0" encoding="UTF-8"?>
<!-- Generated by org.testng.reporters.JUnitReportReporter -->
<testsuite hostname="DivyaJyothi" failures="0" tests="1" name="Demo.vTiger" time="2.116" errors="0" timestamp="2024-12-25T11:47:15 IST" skipped="0">
  <testcase classname="Demo.vTiger" name="method" time="2.116"/>
  <system-out/>
</testsuite> <!-- Demo.vTiger -->
