<?xml version="1.0" encoding="UTF-8"?>
<!-- Generated by org.testng.reporters.JUnitReportReporter -->
<testsuite hostname="DivyaJyothi" failures="0" tests="1" name="Demo.vTiger" time="8.333" errors="0" timestamp="2024-12-23T12:59:32 IST" skipped="0">
  <testcase classname="Demo.vTiger" name="method" time="8.333"/>
  <system-out/>
</testsuite> <!-- Demo.vTiger -->
